0 silly argv {
0 silly argv   _: [ 'version' ],
0 silly argv   'conventional-commits': true,
0 silly argv   conventionalCommits: true,
0 silly argv   yes: true,
0 silly argv   y: true,
0 silly argv   lernaVersion: '4.0.0',
0 silly argv   '$0': '/Users/danbrown/Workbench/CodeJobs/wipsie/PACKAGES/wipsie-ui/node_modules/.bin/lerna'
0 silly argv }
1 notice cli v4.0.0
2 verbose rootPath /Users/danbrown/Workbench/CodeJobs/wipsie/PACKAGES/wipsie-ui
3 info current version 0.0.000
4 silly isAnythingCommitted
5 verbose isAnythingCommitted 1
6 silly getCurrentBranch
7 verbose currentBranch dev
8 silly remoteBranchExists
9 silly isBehindUpstream
10 silly isBehindUpstream dev is behind origin/dev by 0 commit(s) and ahead by 0
11 silly hasTags
12 verbose hasTags false
13 info Assuming all packages changed
14 verbose updated @wipsie/rich-editor
15 verbose updated @wipsie/shared
16 verbose updated @wipsie/ui
17 info version rooted leaf detected, skipping synthetic root lifecycles
18 verbose git-describe undefined => "575d977"
19 silly git-describe parsed => {"refCount":"97","sha":"575d977","isDirty":false}
20 error TypeError: Invalid Version: 0.0.001
20 error     at new SemVer (/Users/danbrown/Workbench/CodeJobs/wipsie/PACKAGES/wipsie-ui/node_modules/semver/classes/semver.js:38:13)
20 error     at compare (/Users/danbrown/Workbench/CodeJobs/wipsie/PACKAGES/wipsie-ui/node_modules/semver/functions/compare.js:3:3)
20 error     at Object.lt (/Users/danbrown/Workbench/CodeJobs/wipsie/PACKAGES/wipsie-ui/node_modules/semver/functions/lt.js:2:29)
20 error     at VersionCommand.setGlobalVersionFloor (/Users/danbrown/Workbench/CodeJobs/wipsie/PACKAGES/wipsie-ui/node_modules/@lerna/version/index.js:413:18)
20 error     at /Users/danbrown/Workbench/CodeJobs/wipsie/PACKAGES/wipsie-ui/node_modules/@lerna/version/index.js:384:37
20 error     at processTicksAndRejections (node:internal/process/task_queues:96:5)
20 error     at async Promise.all (index 0)
